# JRE version: OpenJDK Runtime Environment (8.0_242-b01) (build 1.8.0_242-release-1644-b01)
# Java VM: OpenJDK 64-Bit Server VM (25.242-b01 mixed mode windows-amd64 compressed oops)
Heap:
 PSYoungGen      total 228352K, used 183389K [0x00000000d5580000, 0x00000000e7180000, 0x0000000100000000)
  eden space 206336K, 80% used [0x00000000d5580000,0x00000000df7133d0,0x00000000e1f00000)
  from space 22016K, 81% used [0x00000000e1f00000,0x00000000e3084098,0x00000000e3480000)
  to   space 24064K, 0% used [0x00000000e5a00000,0x00000000e5a00000,0x00000000e7180000)
 ParOldGen       total 93184K, used 44006K [0x0000000080000000, 0x0000000085b00000, 0x00000000d5580000)
  object space 93184K, 47% used [0x0000000080000000,0x0000000082af9980,0x0000000085b00000)
 Metaspace       used 81707K, capacity 86376K, committed 86552K, reserved 1124352K
  class space    used 11145K, capacity 12044K, committed 12080K, reserved 1048576K
GC Heap History (10 events):
Event: 28.255 GC heap before
{Heap before GC invocations=18 (full 2):
 PSYoungGen      total 142336K, used 35603K [0x00000000d5580000, 0x00000000e2480000, 0x0000000100000000)
  eden space 128000K, 16% used [0x00000000d5580000,0x00000000d6a4a4b0,0x00000000dd280000)
  from space 14336K, 99% used [0x00000000dd280000,0x00000000de07aa18,0x00000000de080000)
  to   space 18944K, 0% used [0x00000000e1200000,0x00000000e1200000,0x00000000e2480000)
 ParOldGen       total 58880K, used 29061K [0x0000000080000000, 0x0000000083980000, 0x00000000d5580000)
  object space 58880K, 49% used [0x0000000080000000,0x0000000081c61710,0x0000000083980000)
 Metaspace       used 56758K, capacity 59152K, committed 59160K, reserved 1099776K
  class space    used 7749K, capacity 8232K, committed 8240K, reserved 1048576K
Event: 28.277 GC heap after
Heap after GC invocations=18 (full 2):
 PSYoungGen      total 193024K, used 1664K [0x00000000d5580000, 0x00000000e2e00000, 0x0000000100000000)
  eden space 174080K, 0% used [0x00000000d5580000,0x00000000d5580000,0x00000000dff80000)
  from space 18944K, 8% used [0x00000000e1200000,0x00000000e13a0000,0x00000000e2480000)
  to   space 18944K, 0% used [0x00000000dff80000,0x00000000dff80000,0x00000000e1200000)
 ParOldGen       total 58880K, used 37716K [0x0000000080000000, 0x0000000083980000, 0x00000000d5580000)
  object space 58880K, 64% used [0x0000000080000000,0x00000000824d5148,0x0000000083980000)
 Metaspace       used 56758K, capacity 59152K, committed 59160K, reserved 1099776K
  class space    used 7749K, capacity 8232K, committed 8240K, reserved 1048576K
}
Event: 28.277 GC heap before
{Heap before GC invocations=19 (full 3):
 PSYoungGen      total 193024K, used 1664K [0x00000000d5580000, 0x00000000e2e00000, 0x0000000100000000)
  eden space 174080K, 0% used [0x00000000d5580000,0x00000000d5580000,0x00000000dff80000)
  from space 18944K, 8% used [0x00000000e1200000,0x00000000e13a0000,0x00000000e2480000)
  to   space 18944K, 0% used [0x00000000dff80000,0x00000000dff80000,0x00000000e1200000)
 ParOldGen       total 58880K, used 37716K [0x0000000080000000, 0x0000000083980000, 0x00000000d5580000)
  object space 58880K, 64% used [0x0000000080000000,0x00000000824d5148,0x0000000083980000)
 Metaspace       used 56758K, capacity 59152K, committed 59160K, reserved 1099776K
  class space    used 7749K, capacity 8232K, committed 8240K, reserved 1048576K
Event: 28.638 GC heap after
Heap after GC invocations=19 (full 3):
 PSYoungGen      total 193024K, used 0K [0x00000000d5580000, 0x00000000e2e00000, 0x0000000100000000)
  eden space 174080K, 0% used [0x00000000d5580000,0x00000000d5580000,0x00000000dff80000)
  from space 18944K, 0% used [0x00000000e1200000,0x00000000e1200000,0x00000000e2480000)
  to   space 18944K, 0% used [0x00000000dff80000,0x00000000dff80000,0x00000000e1200000)
 ParOldGen       total 93184K, used 33750K [0x0000000080000000, 0x0000000085b00000, 0x00000000d5580000)
  object space 93184K, 36% used [0x0000000080000000,0x00000000820f5a20,0x0000000085b00000)
 Metaspace       used 56734K, capacity 59068K, committed 59160K, reserved 1099776K
  class space    used 7742K, capacity 8218K, committed 8240K, reserved 1048576K
}
Event: 34.506 GC heap before
{Heap before GC invocations=20 (full 3):
 PSYoungGen      total 193024K, used 174080K [0x00000000d5580000, 0x00000000e2e00000, 0x0000000100000000)
  eden space 174080K, 100% used [0x00000000d5580000,0x00000000dff80000,0x00000000dff80000)
  from space 18944K, 0% used [0x00000000e1200000,0x00000000e1200000,0x00000000e2480000)
  to   space 18944K, 0% used [0x00000000dff80000,0x00000000dff80000,0x00000000e1200000)
 ParOldGen       total 93184K, used 33750K [0x0000000080000000, 0x0000000085b00000, 0x00000000d5580000)
  object space 93184K, 36% used [0x0000000080000000,0x00000000820f5a20,0x0000000085b00000)
 Metaspace       used 64085K, capacity 67156K, committed 67352K, reserved 1107968K
  class space    used 8863K, capacity 9484K, committed 9520K, reserved 1048576K
Event: 34.550 GC heap after
Heap after GC invocations=20 (full 3):
 PSYoungGen      total 193024K, used 16413K [0x00000000d5580000, 0x00000000e4c80000, 0x0000000100000000)
  eden space 174080K, 0% used [0x00000000d5580000,0x00000000d5580000,0x00000000dff80000)
  from space 18944K, 86% used [0x00000000dff80000,0x00000000e0f87620,0x00000000e1200000)
  to   space 20992K, 0% used [0x00000000e3800000,0x00000000e3800000,0x00000000e4c80000)
 ParOldGen       total 93184K, used 33758K [0x0000000080000000, 0x0000000085b00000, 0x00000000d5580000)
  object space 93184K, 36% used [0x0000000080000000,0x00000000820f7a20,0x0000000085b00000)
 Metaspace       used 64085K, capacity 67156K, committed 67352K, reserved 1107968K
  class space    used 8863K, capacity 9484K, committed 9520K, reserved 1048576K
}
Event: 79.044 GC heap before
{Heap before GC invocations=21 (full 3):
 PSYoungGen      total 193024K, used 190493K [0x00000000d5580000, 0x00000000e4c80000, 0x0000000100000000)
  eden space 174080K, 100% used [0x00000000d5580000,0x00000000dff80000,0x00000000dff80000)
  from space 18944K, 86% used [0x00000000dff80000,0x00000000e0f87620,0x00000000e1200000)
  to   space 20992K, 0% used [0x00000000e3800000,0x00000000e3800000,0x00000000e4c80000)
 ParOldGen       total 93184K, used 33758K [0x0000000080000000, 0x0000000085b00000, 0x00000000d5580000)
  object space 93184K, 36% used [0x0000000080000000,0x00000000820f7a20,0x0000000085b00000)
 Metaspace       used 71159K, capacity 74482K, committed 74776K, reserved 1114112K
  class space    used 9549K, capacity 10185K, committed 10288K, reserved 1048576K
Event: 79.150 GC heap after
Heap after GC invocations=21 (full 3):
 PSYoungGen      total 224768K, used 13736K [0x00000000d5580000, 0x00000000e4a00000, 0x0000000100000000)
  eden space 206336K, 0% used [0x00000000d5580000,0x00000000d5580000,0x00000000e1f00000)
  from space 18432K, 74% used [0x00000000e3800000,0x00000000e456a048,0x00000000e4a00000)
  to   space 22016K, 0% used [0x00000000e1f00000,0x00000000e1f00000,0x00000000e3480000)
 ParOldGen       total 93184K, used 43998K [0x0000000080000000, 0x0000000085b00000, 0x00000000d5580000)
  object space 93184K, 47% used [0x0000000080000000,0x0000000082af7980,0x0000000085b00000)
 Metaspace       used 71159K, capacity 74482K, committed 74776K, reserved 1114112K
  class space    used 9549K, capacity 10185K, committed 10288K, reserved 1048576K
}
Event: 89.823 GC heap before
{Heap before GC invocations=22 (full 3):
 PSYoungGen      total 224768K, used 220072K [0x00000000d5580000, 0x00000000e4a00000, 0x0000000100000000)
  eden space 206336K, 100% used [0x00000000d5580000,0x00000000e1f00000,0x00000000e1f00000)
  from space 18432K, 74% used [0x00000000e3800000,0x00000000e456a048,0x00000000e4a00000)
  to   space 22016K, 0% used [0x00000000e1f00000,0x00000000e1f00000,0x00000000e3480000)
 ParOldGen       total 93184K, used 43998K [0x0000000080000000, 0x0000000085b00000, 0x00000000d5580000)
  object space 93184K, 47% used [0x0000000080000000,0x0000000082af7980,0x0000000085b00000)
 Metaspace       used 73473K, capacity 76886K, committed 76952K, reserved 1116160K
  class space    used 9765K, capacity 10389K, committed 10416K, reserved 1048576K
Event: 89.937 GC heap after
Heap after GC invocations=22 (full 3):
 PSYoungGen      total 228352K, used 17936K [0x00000000d5580000, 0x00000000e7180000, 0x0000000100000000)
  eden space 206336K, 0% used [0x00000000d5580000,0x00000000d5580000,0x00000000e1f00000)
  from space 22016K, 81% used [0x00000000e1f00000,0x00000000e3084098,0x00000000e3480000)
  to   space 24064K, 0% used [0x00000000e5a00000,0x00000000e5a00000,0x00000000e7180000)
 ParOldGen       total 93184K, used 44006K [0x0000000080000000, 0x0000000085b00000, 0x00000000d5580000)
  object space 93184K, 47% used [0x0000000080000000,0x0000000082af9980,0x0000000085b00000)
 Metaspace       used 73473K, capacity 76886K, committed 76952K, reserved 1116160K
  class space    used 9765K, capacity 10389K, committed 10416K, reserved 1048576K
}

