# JRE version: OpenJDK Runtime Environment (8.0_242-b01) (build 1.8.0_242-release-1644-b01)
# Java VM: OpenJDK 64-Bit Server VM (25.242-b01 mixed mode windows-amd64 compressed oops)
Heap:
 PSYoungGen      total 206336K, used 49403K [0x00000000d5580000, 0x00000000e6380000, 0x0000000100000000)
  eden space 164864K, 29% used [0x00000000d5580000,0x00000000d85bed70,0x00000000df680000)
  from space 41472K, 0% used [0x00000000e3b00000,0x00000000e3b00000,0x00000000e6380000)
  to   space 26624K, 0% used [0x00000000df680000,0x00000000df680000,0x00000000e1080000)
 ParOldGen       total 105984K, used 58439K [0x0000000080000000, 0x0000000086780000, 0x00000000d5580000)
  object space 105984K, 55% used [0x0000000080000000,0x0000000083911fd8,0x0000000086780000)
 Metaspace       used 85620K, capacity 89914K, committed 91288K, reserved 1128448K
  class space    used 11416K, capacity 12204K, committed 12720K, reserved 1048576K
GC Heap History (10 events):
Event: 32.730 GC heap before
{Heap before GC invocations=22 (full 3):
 PSYoungGen      total 185856K, used 185829K [0x00000000d5580000, 0x00000000e3000000, 0x0000000100000000)
  eden space 164864K, 100% used [0x00000000d5580000,0x00000000df680000,0x00000000df680000)
  from space 20992K, 99% used [0x00000000e1080000,0x00000000e24f9720,0x00000000e2500000)
  to   space 26624K, 0% used [0x00000000df680000,0x00000000df680000,0x00000000e1080000)
 ParOldGen       total 105984K, used 39097K [0x0000000080000000, 0x0000000086780000, 0x00000000d5580000)
  object space 105984K, 36% used [0x0000000080000000,0x000000008262e5a0,0x0000000086780000)
 Metaspace       used 75006K, capacity 79092K, committed 79256K, reserved 1118208K
  class space    used 10319K, capacity 11067K, committed 11184K, reserved 1048576K
Event: 32.793 GC heap after
Heap after GC invocations=22 (full 3):
 PSYoungGen      total 191488K, used 26619K [0x00000000d5580000, 0x00000000e6380000, 0x0000000100000000)
  eden space 164864K, 0% used [0x00000000d5580000,0x00000000d5580000,0x00000000df680000)
  from space 26624K, 99% used [0x00000000df680000,0x00000000e107ed00,0x00000000e1080000)
  to   space 41472K, 0% used [0x00000000e3b00000,0x00000000e3b00000,0x00000000e6380000)
 ParOldGen       total 105984K, used 68329K [0x0000000080000000, 0x0000000086780000, 0x00000000d5580000)
  object space 105984K, 64% used [0x0000000080000000,0x00000000842ba6a0,0x0000000086780000)
 Metaspace       used 75006K, capacity 79092K, committed 79256K, reserved 1118208K
  class space    used 10319K, capacity 11067K, committed 11184K, reserved 1048576K
}
Event: 34.386 GC heap before
{Heap before GC invocations=23 (full 3):
 PSYoungGen      total 191488K, used 191483K [0x00000000d5580000, 0x00000000e6380000, 0x0000000100000000)
  eden space 164864K, 100% used [0x00000000d5580000,0x00000000df680000,0x00000000df680000)
  from space 26624K, 99% used [0x00000000df680000,0x00000000e107ed00,0x00000000e1080000)
  to   space 41472K, 0% used [0x00000000e3b00000,0x00000000e3b00000,0x00000000e6380000)
 ParOldGen       total 105984K, used 68329K [0x0000000080000000, 0x0000000086780000, 0x00000000d5580000)
  object space 105984K, 64% used [0x0000000080000000,0x00000000842ba6a0,0x0000000086780000)
 Metaspace       used 81085K, capacity 86224K, committed 86424K, reserved 1124352K
  class space    used 11364K, capacity 12353K, committed 12464K, reserved 1048576K
Event: 34.593 GC heap after
Heap after GC invocations=23 (full 3):
 PSYoungGen      total 206336K, used 41458K [0x00000000d5580000, 0x00000000e6380000, 0x0000000100000000)
  eden space 164864K, 0% used [0x00000000d5580000,0x00000000d5580000,0x00000000df680000)
  from space 41472K, 99% used [0x00000000e3b00000,0x00000000e637c9b8,0x00000000e6380000)
  to   space 26624K, 0% used [0x00000000df680000,0x00000000df680000,0x00000000e1080000)
 ParOldGen       total 105984K, used 103071K [0x0000000080000000, 0x0000000086780000, 0x00000000d5580000)
  object space 105984K, 97% used [0x0000000080000000,0x00000000864a7d58,0x0000000086780000)
 Metaspace       used 81085K, capacity 86224K, committed 86424K, reserved 1124352K
  class space    used 11364K, capacity 12353K, committed 12464K, reserved 1048576K
}
Event: 34.594 GC heap before
{Heap before GC invocations=24 (full 4):
 PSYoungGen      total 206336K, used 41458K [0x00000000d5580000, 0x00000000e6380000, 0x0000000100000000)
  eden space 164864K, 0% used [0x00000000d5580000,0x00000000d5580000,0x00000000df680000)
  from space 41472K, 99% used [0x00000000e3b00000,0x00000000e637c9b8,0x00000000e6380000)
  to   space 26624K, 0% used [0x00000000df680000,0x00000000df680000,0x00000000e1080000)
 ParOldGen       total 105984K, used 103071K [0x0000000080000000, 0x0000000086780000, 0x00000000d5580000)
  object space 105984K, 97% used [0x0000000080000000,0x00000000864a7d58,0x0000000086780000)
 Metaspace       used 81085K, capacity 86224K, committed 86424K, reserved 1124352K
  class space    used 11364K, capacity 12353K, committed 12464K, reserved 1048576K
Event: 38.229 GC heap after
Heap after GC invocations=24 (full 4):
 PSYoungGen      total 206336K, used 22084K [0x00000000d5580000, 0x00000000e6380000, 0x0000000100000000)
  eden space 164864K, 0% used [0x00000000d5580000,0x00000000d5580000,0x00000000df680000)
  from space 41472K, 53% used [0x00000000e3b00000,0x00000000e5091320,0x00000000e6380000)
  to   space 26624K, 0% used [0x00000000df680000,0x00000000df680000,0x00000000e1080000)
 ParOldGen       total 105984K, used 105664K [0x0000000080000000, 0x0000000086780000, 0x00000000d5580000)
  object space 105984K, 99% used [0x0000000080000000,0x0000000086730278,0x0000000086780000)
 Metaspace       used 80207K, capacity 84060K, committed 86424K, reserved 1124352K
  class space    used 11051K, capacity 11795K, committed 12464K, reserved 1048576K
}
Event: 40.723 GC heap before
{Heap before GC invocations=25 (full 5):
 PSYoungGen      total 206336K, used 186948K [0x00000000d5580000, 0x00000000e6380000, 0x0000000100000000)
  eden space 164864K, 100% used [0x00000000d5580000,0x00000000df680000,0x00000000df680000)
  from space 41472K, 53% used [0x00000000e3b00000,0x00000000e5091320,0x00000000e6380000)
  to   space 26624K, 0% used [0x00000000df680000,0x00000000df680000,0x00000000e1080000)
 ParOldGen       total 105984K, used 105664K [0x0000000080000000, 0x0000000086780000, 0x00000000d5580000)
  object space 105984K, 99% used [0x0000000080000000,0x0000000086730278,0x0000000086780000)
 Metaspace       used 81699K, capacity 85918K, committed 87704K, reserved 1124352K
  class space    used 11154K, capacity 11932K, committed 12464K, reserved 1048576K
Event: 41.483 GC heap after
Heap after GC invocations=25 (full 5):
 PSYoungGen      total 206336K, used 18886K [0x00000000d5580000, 0x00000000e6380000, 0x0000000100000000)
  eden space 164864K, 0% used [0x00000000d5580000,0x00000000d5580000,0x00000000df680000)
  from space 41472K, 45% used [0x00000000e3b00000,0x00000000e4d719c0,0x00000000e6380000)
  to   space 26624K, 0% used [0x00000000df680000,0x00000000df680000,0x00000000e1080000)
 ParOldGen       total 105984K, used 105560K [0x0000000080000000, 0x0000000086780000, 0x00000000d5580000)
  object space 105984K, 99% used [0x0000000080000000,0x0000000086716360,0x0000000086780000)
 Metaspace       used 81649K, capacity 85758K, committed 87704K, reserved 1124352K
  class space    used 11138K, capacity 11904K, committed 12464K, reserved 1048576K
}
Event: 56.580 GC heap before
{Heap before GC invocations=26 (full 6):
 PSYoungGen      total 206336K, used 183750K [0x00000000d5580000, 0x00000000e6380000, 0x0000000100000000)
  eden space 164864K, 100% used [0x00000000d5580000,0x00000000df680000,0x00000000df680000)
  from space 41472K, 45% used [0x00000000e3b00000,0x00000000e4d719c0,0x00000000e6380000)
  to   space 26624K, 0% used [0x00000000df680000,0x00000000df680000,0x00000000e1080000)
 ParOldGen       total 105984K, used 105560K [0x0000000080000000, 0x0000000086780000, 0x00000000d5580000)
  object space 105984K, 99% used [0x0000000080000000,0x0000000086716360,0x0000000086780000)
 Metaspace       used 85325K, capacity 89426K, committed 91032K, reserved 1128448K
  class space    used 11409K, capacity 12192K, committed 12720K, reserved 1048576K
Event: 56.809 GC heap after
Heap after GC invocations=26 (full 6):
 PSYoungGen      total 206336K, used 0K [0x00000000d5580000, 0x00000000e6380000, 0x0000000100000000)
  eden space 164864K, 0% used [0x00000000d5580000,0x00000000d5580000,0x00000000df680000)
  from space 41472K, 0% used [0x00000000e3b00000,0x00000000e3b00000,0x00000000e6380000)
  to   space 26624K, 0% used [0x00000000df680000,0x00000000df680000,0x00000000e1080000)
 ParOldGen       total 105984K, used 58439K [0x0000000080000000, 0x0000000086780000, 0x00000000d5580000)
  object space 105984K, 55% used [0x0000000080000000,0x0000000083911fd8,0x0000000086780000)
 Metaspace       used 85325K, capacity 89426K, committed 91032K, reserved 1128448K
  class space    used 11409K, capacity 12192K, committed 12720K, reserved 1048576K
}

